2025-04-10 08:09:43.673 [info] [main] Log level: Info
2025-04-10 08:09:43.674 [info] [main] Validating found git in: "git"
2025-04-10 08:09:43.674 [info] [main] Using git "2.43.0" from "git"
2025-04-10 08:09:43.674 [info] [Model][doInitialScan] Initial repository scan started
2025-04-10 08:09:43.674 [info] > git rev-parse --show-toplevel [1483ms]
2025-04-10 08:09:43.674 [info] fatal: not a git repository (or any parent up to mount point /)
Stopping at filesystem boundary (GIT_DISCOVERY_ACROSS_FILESYSTEM not set).
2025-04-10 08:09:43.681 [info] > git rev-parse --show-toplevel [2ms]
2025-04-10 08:09:43.681 [info] fatal: not a git repository (or any parent up to mount point /)
Stopping at filesystem boundary (GIT_DISCOVERY_ACROSS_FILESYSTEM not set).
2025-04-10 08:09:43.687 [info] > git rev-parse --show-toplevel [2ms]
2025-04-10 08:09:43.687 [info] fatal: not a git repository (or any parent up to mount point /)
Stopping at filesystem boundary (GIT_DISCOVERY_ACROSS_FILESYSTEM not set).
2025-04-10 08:09:43.693 [info] > git rev-parse --show-toplevel [2ms]
2025-04-10 08:09:43.693 [info] fatal: not a git repository (or any parent up to mount point /)
Stopping at filesystem boundary (GIT_DISCOVERY_ACROSS_FILESYSTEM not set).
2025-04-10 08:09:43.699 [info] > git rev-parse --show-toplevel [1ms]
2025-04-10 08:09:43.699 [info] fatal: not a git repository (or any parent up to mount point /)
Stopping at filesystem boundary (GIT_DISCOVERY_ACROSS_FILESYSTEM not set).
2025-04-10 08:09:43.704 [info] > git rev-parse --show-toplevel [2ms]
2025-04-10 08:09:43.704 [info] fatal: not a git repository (or any parent up to mount point /)
Stopping at filesystem boundary (GIT_DISCOVERY_ACROSS_FILESYSTEM not set).
2025-04-10 08:09:43.709 [info] > git rev-parse --show-toplevel [1ms]
2025-04-10 08:09:43.710 [info] fatal: not a git repository (or any parent up to mount point /)
Stopping at filesystem boundary (GIT_DISCOVERY_ACROSS_FILESYSTEM not set).
2025-04-10 08:09:43.710 [info] [Model][doInitialScan] Initial repository scan completed - repositories (0), closed repositories (0), parent repositories (0), unsafe repositories (0)
2025-04-10 08:09:46.787 [info] > git rev-parse --show-toplevel [88ms]
2025-04-10 08:09:46.787 [info] fatal: not a git repository (or any parent up to mount point /)
Stopping at filesystem boundary (GIT_DISCOVERY_ACROSS_FILESYSTEM not set).
2025-04-10 08:30:00.280 [info] > git rev-parse --show-toplevel [2ms]
2025-04-10 08:30:00.290 [info] > git rev-parse --git-dir --git-common-dir [1ms]
2025-04-10 08:30:00.304 [info] [Model][openRepository] Opened repository: /home/francoisvercellotti/bigquery_taxi_trips_analytics
2025-04-10 08:30:00.328 [info] > git config --get commit.template [12ms]
2025-04-10 08:30:00.331 [info] > git for-each-ref --format=%(refname)%00%(upstream:short)%00%(objectname)%00%(upstream:track)%00%(upstream:remotename)%00%(upstream:remoteref) refs/heads/master refs/remotes/master [5ms]
2025-04-10 08:30:00.331 [warning] [Git][getBranch] No such branch: master
2025-04-10 08:30:00.349 [info] > git status -z -uall [10ms]
2025-04-10 08:30:00.350 [info] > git for-each-ref --sort -committerdate --format %(refname) %(objectname) %(*objectname) [3ms]
2025-04-10 08:30:00.379 [info] > git for-each-ref --format=%(refname)%00%(upstream:short)%00%(objectname)%00%(upstream:track)%00%(upstream:remotename)%00%(upstream:remoteref) refs/heads/master refs/remotes/master [19ms]
2025-04-10 08:30:00.379 [warning] [Git][getBranch] No such branch: master
2025-04-10 08:30:00.380 [error] [GitHistoryProvider][resolveHEADMergeBase] Failed to resolve merge base for master: Error: No such branch: master.
2025-04-10 08:30:00.384 [info] > git config --get commit.template [6ms]
2025-04-10 08:30:00.459 [info] > git for-each-ref --format=%(refname)%00%(upstream:short)%00%(objectname)%00%(upstream:track)%00%(upstream:remotename)%00%(upstream:remoteref) refs/heads/master refs/remotes/master [68ms]
2025-04-10 08:30:00.459 [warning] [Git][getBranch] No such branch: master
2025-04-10 08:30:00.474 [info] > git status -z -uall [8ms]
2025-04-10 08:30:00.476 [info] > git for-each-ref --sort -committerdate --format %(refname) %(objectname) %(*objectname) [2ms]
2025-04-10 08:30:00.892 [info] > git check-ignore -v -z --stdin [2ms]
